TN:
SF:src\App.tsx
FN:6,App
FNF:1
FNH:0
FNDA:0,App
DA:1,1
DA:2,1
DA:3,1
DA:4,1
DA:7,0
DA:17,1
LF:6
LH:5
BRF:0
BRH:0
end_of_record
TN:
SF:src\aesCipher.tsx
FN:5,encrypt
FN:9,decrypt
FNF:2
FNH:2
FNDA:1,encrypt
FNDA:2,decrypt
DA:1,1
DA:3,1
DA:5,1
DA:6,1
DA:9,1
DA:10,2
DA:11,2
LF:7
LH:7
BRF:0
BRH:0
end_of_record
TN:
SF:src\useWebSocket.tsx
FN:18,(anonymous_10)
FN:22,(anonymous_11)
FN:24,(anonymous_12)
FN:28,(anonymous_13)
FN:32,(anonymous_14)
FN:36,(anonymous_15)
FN:39,(anonymous_16)
FN:47,(anonymous_17)
FN:54,(anonymous_18)
FN:61,(anonymous_19)
FN:69,(anonymous_20)
FN:95,(anonymous_21)
FN:96,(anonymous_22)
FN:103,(anonymous_23)
FN:104,(anonymous_24)
FN:110,(anonymous_25)
FN:111,(anonymous_26)
FN:136,(anonymous_27)
FNF:18
FNH:7
FNDA:2,(anonymous_10)
FNDA:2,(anonymous_11)
FNDA:0,(anonymous_12)
FNDA:0,(anonymous_13)
FNDA:0,(anonymous_14)
FNDA:0,(anonymous_15)
FNDA:0,(anonymous_16)
FNDA:2,(anonymous_17)
FNDA:1,(anonymous_18)
FNDA:1,(anonymous_19)
FNDA:1,(anonymous_20)
FNDA:0,(anonymous_21)
FNDA:0,(anonymous_22)
FNDA:0,(anonymous_23)
FNDA:0,(anonymous_24)
FNDA:0,(anonymous_25)
FNDA:0,(anonymous_26)
FNDA:2,(anonymous_27)
DA:1,7
DA:2,7
DA:3,7
DA:16,7
DA:18,7
DA:19,2
DA:20,2
DA:22,2
DA:23,2
DA:24,0
DA:29,0
DA:30,0
DA:33,0
DA:34,0
DA:37,0
DA:40,0
DA:44,2
DA:45,2
DA:47,2
DA:48,2
DA:49,2
DA:54,2
DA:55,1
DA:61,2
DA:62,1
DA:69,2
DA:76,1
DA:80,1
DA:81,1
DA:86,0
DA:89,1
DA:95,2
DA:96,0
DA:97,0
DA:98,0
DA:99,0
DA:103,2
DA:104,0
DA:105,0
DA:106,0
DA:110,2
DA:111,0
DA:112,0
DA:113,0
DA:118,2
DA:136,7
DA:137,2
DA:138,2
DA:139,0
DA:141,2
LF:50
LH:31
BRDA:48,0,0,2
BRDA:72,1,0,0
BRDA:76,2,0,1
BRDA:76,2,1,0
BRDA:80,3,0,1
BRDA:80,3,1,0
BRDA:82,4,0,1
BRDA:82,4,1,0
BRDA:138,5,0,0
BRF:9
BRH:4
end_of_record
TN:
SF:src\components\Button\Button.tsx
FN:9,Button
FNF:1
FNH:1
FNDA:15,Button
DA:1,3
DA:10,15
DA:20,3
LF:3
LH:3
BRDA:9,0,0,2
BRF:1
BRH:1
end_of_record
TN:
SF:src\components\Canvas\Canvas.tsx
FN:24,Canvas
FN:30,(anonymous_10)
FN:33,(anonymous_11)
FN:42,(anonymous_12)
FN:53,(anonymous_13)
FN:96,(anonymous_14)
FN:103,(anonymous_15)
FN:109,(anonymous_16)
FN:119,(anonymous_17)
FNF:9
FNH:6
FNDA:3,Canvas
FNDA:3,(anonymous_10)
FNDA:0,(anonymous_11)
FNDA:0,(anonymous_12)
FNDA:1,(anonymous_13)
FNDA:1,(anonymous_14)
FNDA:1,(anonymous_15)
FNDA:0,(anonymous_16)
FNDA:3,(anonymous_17)
DA:1,2
DA:2,2
DA:25,3
DA:26,3
DA:27,3
DA:28,3
DA:30,3
DA:31,3
DA:33,3
DA:34,0
DA:35,0
DA:36,0
DA:38,0
DA:39,0
DA:40,0
DA:42,0
DA:43,0
DA:44,0
DA:46,0
DA:49,0
DA:53,3
DA:54,1
DA:55,0
DA:56,0
DA:57,0
DA:59,0
DA:60,0
DA:61,0
DA:63,0
DA:64,0
DA:65,0
DA:67,0
DA:68,0
DA:69,0
DA:70,0
DA:71,0
DA:73,0
DA:92,0
DA:96,3
DA:97,1
DA:98,0
DA:99,0
DA:100,0
DA:103,3
DA:104,1
DA:105,0
DA:106,0
DA:109,3
DA:110,0
DA:111,0
DA:112,0
DA:113,0
DA:119,3
DA:120,3
DA:121,3
DA:122,3
DA:123,3
DA:127,3
DA:147,2
LF:59
LH:23
BRDA:31,0,0,0
BRDA:36,1,0,0
BRDA:39,2,0,0
BRDA:39,2,1,0
BRDA:40,3,0,0
BRDA:40,3,1,0
BRDA:43,4,0,0
BRDA:43,4,1,0
BRDA:54,5,0,1
BRDA:54,6,0,1
BRDA:54,6,1,0
BRDA:54,6,2,0
BRDA:57,7,0,0
BRDA:68,8,0,0
BRDA:97,9,0,1
BRDA:97,10,0,1
BRDA:97,10,1,1
BRDA:104,11,0,1
BRDA:104,12,0,1
BRDA:104,12,1,1
BRDA:111,13,0,0
BRDA:121,14,0,3
BRDA:135,15,0,2
BRDA:135,15,1,1
BRDA:135,16,0,3
BRDA:135,16,1,1
BRF:26
BRH:13
end_of_record
TN:
SF:src\components\Chat\Chat.tsx
FN:6,Chat
FN:21,(anonymous_10)
FN:24,(anonymous_11)
FN:30,(anonymous_12)
FN:34,(anonymous_13)
FN:39,(anonymous_14)
FN:54,(anonymous_15)
FN:67,(anonymous_16)
FN:79,(anonymous_17)
FNF:9
FNH:8
FNDA:9,Chat
FNDA:5,(anonymous_10)
FNDA:3,(anonymous_11)
FNDA:1,(anonymous_12)
FNDA:5,(anonymous_13)
FNDA:1,(anonymous_14)
FNDA:0,(anonymous_15)
FNDA:1,(anonymous_16)
FNDA:1,(anonymous_17)
DA:1,2
DA:2,2
DA:3,2
DA:4,2
DA:6,2
DA:13,9
DA:14,9
DA:15,9
DA:18,9
DA:19,9
DA:21,9
DA:22,5
DA:24,5
DA:25,3
DA:26,1
DA:27,2
DA:28,1
DA:30,1
DA:34,5
DA:35,5
DA:39,9
DA:40,1
DA:41,1
DA:42,1
DA:46,9
DA:55,0
DA:56,0
DA:68,1
DA:79,1
LF:29
LH:27
BRDA:22,0,0,0
BRDA:25,1,0,1
BRDA:25,1,1,2
BRDA:27,2,0,1
BRDA:27,2,1,1
BRDA:27,3,0,2
BRDA:27,3,1,1
BRDA:40,4,0,1
BRDA:49,5,0,9
BRDA:49,5,1,1
BRF:10
BRH:9
end_of_record
TN:
SF:src\components\Home\Home.tsx
FN:9,Home
FN:20,(anonymous_2)
FN:21,(anonymous_3)
FN:27,(anonymous_4)
FNF:4
FNH:4
FNDA:6,Home
FNDA:1,(anonymous_2)
FNDA:1,(anonymous_3)
FNDA:1,(anonymous_4)
DA:1,2
DA:2,2
DA:3,2
DA:4,2
DA:5,2
DA:6,2
DA:7,2
DA:10,6
DA:11,6
DA:12,6
DA:13,6
DA:15,6
DA:20,1
DA:21,1
DA:28,1
DA:29,1
DA:30,1
DA:38,2
LF:18
LH:18
BRDA:26,0,0,6
BRDA:26,0,1,1
BRDA:27,1,0,6
BRDA:27,1,1,1
BRDA:32,2,0,6
BRDA:32,2,1,1
BRF:6
BRH:6
end_of_record
TN:
SF:src\components\Juego\Juego.tsx
FN:8,Juego
FN:15,(anonymous_11)
FN:21,(anonymous_12)
FN:37,(anonymous_13)
FN:53,(anonymous_14)
FNF:5
FNH:5
FNDA:5,Juego
FNDA:3,(anonymous_11)
FNDA:1,(anonymous_12)
FNDA:1,(anonymous_13)
FNDA:5,(anonymous_14)
DA:1,2
DA:2,2
DA:3,2
DA:4,2
DA:5,2
DA:6,2
DA:8,2
DA:9,5
DA:10,5
DA:11,5
DA:12,5
DA:13,5
DA:15,5
DA:16,3
DA:17,3
DA:21,5
DA:22,1
DA:23,0
DA:24,0
DA:27,1
DA:28,1
DA:29,1
DA:31,0
DA:32,0
DA:37,5
DA:38,1
DA:39,0
DA:42,1
DA:43,1
DA:44,1
DA:45,1
DA:47,0
DA:48,0
DA:53,5
DA:54,5
DA:55,5
DA:56,5
DA:57,5
DA:58,5
DA:61,5
DA:64,5
LF:41
LH:34
BRDA:10,0,0,5
BRDA:10,0,1,0
BRDA:22,1,0,0
BRDA:38,2,0,0
BRDA:38,3,0,1
BRDA:38,3,1,1
BRDA:72,4,0,5
BRDA:72,4,1,0
BRDA:91,5,0,5
BRDA:91,5,1,1
BRDA:95,6,0,5
BRDA:95,6,1,1
BRF:12
BRH:8
end_of_record
TN:
SF:src\components\Logo\Logo.tsx
FN:8,Logo
FNF:1
FNH:1
FNDA:1,Logo
DA:1,2
DA:9,1
DA:12,2
LF:3
LH:3
BRF:0
BRH:0
end_of_record
TN:
SF:src\components\Modal\Modal.tsx
FN:14,Modal
FN:22,(anonymous_11)
FN:47,(anonymous_12)
FN:54,(anonymous_13)
FN:60,(anonymous_14)
FNF:5
FNH:5
FNDA:6,Modal
FNDA:1,(anonymous_11)
FNDA:1,(anonymous_12)
FNDA:1,(anonymous_13)
FNDA:1,(anonymous_14)
DA:2,2
DA:3,2
DA:4,2
DA:5,2
DA:6,2
DA:14,2
DA:15,6
DA:16,6
DA:17,6
DA:18,6
DA:20,6
DA:22,6
DA:23,1
DA:24,1
DA:25,1
DA:34,6
DA:35,5
DA:47,1
DA:54,1
DA:60,1
DA:69,1
LF:21
LH:21
BRDA:23,0,0,1
BRDA:23,1,0,1
BRDA:23,1,1,1
BRDA:34,2,0,5
BRDA:34,2,1,1
BRDA:57,3,0,5
BRDA:57,3,1,0
BRDA:59,4,0,5
BRDA:59,4,1,5
BRF:9
BRH:8
end_of_record
TN:
SF:src\components\Modal2\Modal2.tsx
FN:11,Modal2
FN:15,(anonymous_10)
FN:51,(anonymous_11)
FNF:3
FNH:3
FNDA:7,Modal2
FNDA:4,(anonymous_10)
FNDA:1,(anonymous_11)
DA:1,2
DA:2,2
DA:3,2
DA:11,2
DA:12,7
DA:13,7
DA:15,7
DA:16,4
DA:18,2
DA:19,2
DA:20,2
DA:21,2
DA:22,2
DA:23,2
DA:24,2
DA:27,7
DA:28,1
DA:31,6
DA:52,1
DA:53,1
LF:20
LH:20
BRDA:16,0,0,2
BRDA:16,1,0,4
BRDA:16,1,1,3
BRDA:16,1,2,2
BRDA:27,2,0,1
BRDA:35,3,0,1
BRDA:35,3,1,5
BRF:7
BRH:7
end_of_record
TN:
SF:src\components\Wait\Wait.tsx
FN:12,Wait
FN:17,(anonymous_10)
FN:20,(anonymous_11)
FN:24,(anonymous_12)
FN:29,(anonymous_13)
FN:31,(anonymous_14)
FNF:6
FNH:6
FNDA:4,Wait
FNDA:3,(anonymous_10)
FNDA:1,(anonymous_11)
FNDA:3,(anonymous_12)
FNDA:4,(anonymous_13)
FNDA:1,(anonymous_14)
DA:1,2
DA:2,2
DA:3,2
DA:4,2
DA:12,2
DA:13,4
DA:14,4
DA:15,4
DA:17,4
DA:18,3
DA:20,3
DA:21,1
DA:24,3
DA:25,3
DA:29,4
DA:30,4
DA:31,1
DA:32,1
DA:37,4
DA:39,3
LF:20
LH:20
BRDA:18,0,0,0
BRDA:25,1,0,1
BRDA:30,2,0,1
BRDA:37,3,0,1
BRF:4
BRH:3
end_of_record
